<?xml version="1.0" encoding="UTF-8"?>
<!-- Generated by org.testng.reporters.JUnitReportReporter -->
<testsuite skipped="0" hostname="LAPTOP-70BEO6KF" name="org.example.TestSuit" tests="1" failures="0" timestamp="2020-03-21T17:24:32 GMT" time="35.673" errors="0">
  <testcase name="userShouldAbletoRegisterSuccessfully" time="35.673" classname="org.example.TestSuit"/>
  <system-out/>
</testsuite> <!-- org.example.TestSuit -->
